ERROR:root:Error analyzing face: Face could not be detected in numpy array.Please confirm that the picture is a face photo or consider to set enforce_detection param to False.
ERROR:root:Error analyzing face: Face could not be detected in numpy array.Please confirm that the picture is a face photo or consider to set enforce_detection param to False.
ERROR:root:Error analyzing face: Face could not be detected in numpy array.Please confirm that the picture is a face photo or consider to set enforce_detection param to False.
ERROR:root:Error analyzing face: Face could not be detected in numpy array.Please confirm that the picture is a face photo or consider to set enforce_detection param to False.
ERROR:root:Error analyzing face: ('Connection broken: IncompleteRead(157588608 bytes read, 381183168 more expected)', IncompleteRead(157588608 bytes read, 381183168 more expected))
ERROR:root:Error analyzing face: list indices must be integers or slices, not str
ERROR:root:Error analyzing face: list indices must be integers or slices, not str
ERROR:root:Error analyzing face: Face could not be detected in numpy array.Please confirm that the picture is a face photo or consider to set enforce_detection param to False.
ERROR:root:Error analyzing face: Face could not be detected in numpy array.Please confirm that the picture is a face photo or consider to set enforce_detection param to False.
ERROR:root:Error analyzing face: list indices must be integers or slices, not str
ERROR:root:Error analyzing face: Face could not be detected in numpy array.Please confirm that the picture is a face photo or consider to set enforce_detection param to False.
ERROR:root:Error analyzing face: Face could not be detected in numpy array.Please confirm that the picture is a face photo or consider to set enforce_detection param to False.
ERROR:root:Error analyzing face: Face could not be detected in numpy array.Please confirm that the picture is a face photo or consider to set enforce_detection param to False.
ERROR:root:Error analyzing face: Face could not be detected in numpy array.Please confirm that the picture is a face photo or consider to set enforce_detection param to False.
ERROR:root:Error analyzing face: Face could not be detected in numpy array.Please confirm that the picture is a face photo or consider to set enforce_detection param to False.
ERROR:root:Error analyzing face: list indices must be integers or slices, not str
ERROR:root:Error analyzing face: Face could not be detected in numpy array.Please confirm that the picture is a face photo or consider to set enforce_detection param to False.
ERROR:root:Error analyzing face: list indices must be integers or slices, not str
ERROR:root:Error analyzing face: Face could not be detected in numpy array.Please confirm that the picture is a face photo or consider to set enforce_detection param to False.
ERROR:root:Error analyzing face: Face could not be detected in numpy array.Please confirm that the picture is a face photo or consider to set enforce_detection param to False.
ERROR:root:Error analyzing face: list indices must be integers or slices, not str
ERROR:root:Error analyzing face: list indices must be integers or slices, not str
ERROR:root:Error analyzing face: list indices must be integers or slices, not str
ERROR:root:Error analyzing face: Face could not be detected in numpy array.Please confirm that the picture is a face photo or consider to set enforce_detection param to False.
ERROR:root:Error analyzing face: Face could not be detected in numpy array.Please confirm that the picture is a face photo or consider to set enforce_detection param to False.
ERROR:root:Error analyzing face: Face could not be detected in numpy array.Please confirm that the picture is a face photo or consider to set enforce_detection param to False.
ERROR:root:Error analyzing face: list indices must be integers or slices, not str
ERROR:root:Error analyzing face: list indices must be integers or slices, not str
ERROR:root:Error analyzing face: list indices must be integers or slices, not str
ERROR:root:Error analyzing face: list indices must be integers or slices, not str
ERROR:root:Error analyzing face: Face could not be detected in numpy array.Please confirm that the picture is a face photo or consider to set enforce_detection param to False.
ERROR:root:Error analyzing face: Face could not be detected in numpy array.Please confirm that the picture is a face photo or consider to set enforce_detection param to False.
ERROR:root:Error analyzing face: list indices must be integers or slices, not str
ERROR:root:Error analyzing face: list indices must be integers or slices, not str
ERROR:root:Error analyzing face: list indices must be integers or slices, not str
ERROR:root:Error analyzing face: Face could not be detected in numpy array.Please confirm that the picture is a face photo or consider to set enforce_detection param to False.
ERROR:root:Error analyzing face: Face could not be detected in numpy array.Please confirm that the picture is a face photo or consider to set enforce_detection param to False.
ERROR:root:Error analyzing face: list indices must be integers or slices, not str
ERROR:root:Error analyzing face: list indices must be integers or slices, not str
ERROR:root:Error analyzing face: list indices must be integers or slices, not str
ERROR:root:Error analyzing face: list indices must be integers or slices, not str
ERROR:root:Error analyzing face: Face could not be detected in numpy array.Please confirm that the picture is a face photo or consider to set enforce_detection param to False.
ERROR:root:Error analyzing face: Face could not be detected in numpy array.Please confirm that the picture is a face photo or consider to set enforce_detection param to False.
ERROR:root:Error analyzing face: Face could not be detected in numpy array.Please confirm that the picture is a face photo or consider to set enforce_detection param to False.
ERROR:root:Error analyzing face: Face could not be detected in numpy array.Please confirm that the picture is a face photo or consider to set enforce_detection param to False.
ERROR:root:Error analyzing face: Face could not be detected in numpy array.Please confirm that the picture is a face photo or consider to set enforce_detection param to False.
ERROR:root:Error analyzing face: Face could not be detected in numpy array.Please confirm that the picture is a face photo or consider to set enforce_detection param to False.
ERROR:root:Error analyzing face: list indices must be integers or slices, not str
ERROR:root:Error analyzing face: list indices must be integers or slices, not str
ERROR:root:Error analyzing face: Face could not be detected in numpy array.Please confirm that the picture is a face photo or consider to set enforce_detection param to False.
ERROR:root:Error analyzing face: Face could not be detected in numpy array.Please confirm that the picture is a face photo or consider to set enforce_detection param to False.
ERROR:root:Error analyzing face: list indices must be integers or slices, not str
ERROR:root:Error analyzing face: list indices must be integers or slices, not str
ERROR:root:Error analyzing face: Face could not be detected in numpy array.Please confirm that the picture is a face photo or consider to set enforce_detection param to False.
ERROR:root:Error analyzing face: list indices must be integers or slices, not str
ERROR:root:Error analyzing face: Face could not be detected in numpy array.Please confirm that the picture is a face photo or consider to set enforce_detection param to False.
ERROR:root:Error analyzing face: list indices must be integers or slices, not str
ERROR:root:Error analyzing face: list indices must be integers or slices, not str
ERROR:root:Error analyzing face: list indices must be integers or slices, not str
ERROR:root:Error analyzing face: list indices must be integers or slices, not str
ERROR:root:Error analyzing face: list indices must be integers or slices, not str
ERROR:root:Error analyzing face: list indices must be integers or slices, not str
ERROR:root:Error analyzing face: list indices must be integers or slices, not str
ERROR:root:Error analyzing face: list indices must be integers or slices, not str
ERROR:root:Error analyzing face: list indices must be integers or slices, not str
ERROR:root:Error analyzing face: list indices must be integers or slices, not str
ERROR:root:Error analyzing face: list indices must be integers or slices, not str
ERROR:root:Error analyzing face: list indices must be integers or slices, not str
ERROR:root:Error analyzing face: list indices must be integers or slices, not str
ERROR:root:Error analyzing face: list indices must be integers or slices, not str
ERROR:root:Error analyzing face: list indices must be integers or slices, not str
ERROR:root:Error analyzing face: list indices must be integers or slices, not str
ERROR:root:Error analyzing face: list indices must be integers or slices, not str
ERROR:root:Error analyzing face: list indices must be integers or slices, not str
ERROR:root:Error analyzing face: list indices must be integers or slices, not str
ERROR:root:Error analyzing face: list indices must be integers or slices, not str
ERROR:root:Error analyzing face: list indices must be integers or slices, not str
ERROR:root:Error analyzing face: list indices must be integers or slices, not str
ERROR:root:Error analyzing face: list indices must be integers or slices, not str
ERROR:root:Error analyzing face: list indices must be integers or slices, not str
ERROR:root:Error analyzing face: list indices must be integers or slices, not str
ERROR:root:Error analyzing face: list indices must be integers or slices, not str
ERROR:root:Error analyzing face: list indices must be integers or slices, not str
ERROR:root:Error analyzing face: list indices must be integers or slices, not str
ERROR:root:Error analyzing face: list indices must be integers or slices, not str
ERROR:root:Error analyzing face: list indices must be integers or slices, not str
ERROR:root:Error analyzing face: list indices must be integers or slices, not str
ERROR:root:Error analyzing face: Face could not be detected in numpy array.Please confirm that the picture is a face photo or consider to set enforce_detection param to False.
ERROR:root:Error analyzing face: Face could not be detected in numpy array.Please confirm that the picture is a face photo or consider to set enforce_detection param to False.
ERROR:root:Error analyzing face: list indices must be integers or slices, not str
ERROR:root:Error analyzing face: list indices must be integers or slices, not str
ERROR:root:Error analyzing face: list indices must be integers or slices, not str
ERROR:root:Error analyzing face: list indices must be integers or slices, not str
ERROR:root:Error analyzing face: list indices must be integers or slices, not str
ERROR:root:Error analyzing face: list indices must be integers or slices, not str
ERROR:root:Error analyzing face: list indices must be integers or slices, not str
ERROR:root:Error analyzing face: list indices must be integers or slices, not str
ERROR:root:Error analyzing face: list indices must be integers or slices, not str
ERROR:root:Error analyzing face: Face could not be detected in numpy array.Please confirm that the picture is a face photo or consider to set enforce_detection param to False.
ERROR:root:Error analyzing face: Face could not be detected in numpy array.Please confirm that the picture is a face photo or consider to set enforce_detection param to False.
ERROR:root:Error analyzing face: Face could not be detected in numpy array.Please confirm that the picture is a face photo or consider to set enforce_detection param to False.
ERROR:root:Error analyzing face: Face could not be detected in numpy array.Please confirm that the picture is a face photo or consider to set enforce_detection param to False.
ERROR:root:Error analyzing face: list indices must be integers or slices, not str
ERROR:root:Error analyzing face: list indices must be integers or slices, not str
ERROR:root:Error analyzing face: Face could not be detected in numpy array.Please confirm that the picture is a face photo or consider to set enforce_detection param to False.
ERROR:root:Error analyzing face: list indices must be integers or slices, not str
ERROR:root:Error analyzing face: list indices must be integers or slices, not str
ERROR:root:Error analyzing face: list indices must be integers or slices, not str
ERROR:root:Error analyzing face: list indices must be integers or slices, not str
ERROR:root:Error analyzing face: list indices must be integers or slices, not str
ERROR:root:Error analyzing face: list indices must be integers or slices, not str
ERROR:root:Error analyzing face: list indices must be integers or slices, not str
ERROR:root:Error analyzing face: list indices must be integers or slices, not str
ERROR:root:Error analyzing face: list indices must be integers or slices, not str
ERROR:root:Error analyzing face: list indices must be integers or slices, not str
ERROR:root:Error analyzing face: list indices must be integers or slices, not str
ERROR:root:Error analyzing face: list indices must be integers or slices, not str
ERROR:root:Error analyzing face: list indices must be integers or slices, not str
ERROR:root:Error analyzing face: list indices must be integers or slices, not str
ERROR:root:Error analyzing face: list indices must be integers or slices, not str
ERROR:root:Error analyzing face: list indices must be integers or slices, not str
ERROR:root:Error analyzing face: Face could not be detected in numpy array.Please confirm that the picture is a face photo or consider to set enforce_detection param to False.
ERROR:root:Error analyzing face: Face could not be detected in numpy array.Please confirm that the picture is a face photo or consider to set enforce_detection param to False.
ERROR:root:Error analyzing face: Face could not be detected in numpy array.Please confirm that the picture is a face photo or consider to set enforce_detection param to False.
ERROR:root:Error analyzing face: Face could not be detected in numpy array.Please confirm that the picture is a face photo or consider to set enforce_detection param to False.
ERROR:root:Error analyzing face: Face could not be detected in numpy array.Please confirm that the picture is a face photo or consider to set enforce_detection param to False.
ERROR:root:Error analyzing face: Face could not be detected in numpy array.Please confirm that the picture is a face photo or consider to set enforce_detection param to False.
ERROR:root:Error analyzing face: Face could not be detected in numpy array.Please confirm that the picture is a face photo or consider to set enforce_detection param to False.
ERROR:root:Error analyzing face: Face could not be detected in numpy array.Please confirm that the picture is a face photo or consider to set enforce_detection param to False.
ERROR:root:Error analyzing face: Face could not be detected in numpy array.Please confirm that the picture is a face photo or consider to set enforce_detection param to False.
ERROR:root:Error analyzing face: Face could not be detected in numpy array.Please confirm that the picture is a face photo or consider to set enforce_detection param to False.
ERROR:root:Error analyzing face: Face could not be detected in numpy array.Please confirm that the picture is a face photo or consider to set enforce_detection param to False.
ERROR:root:Error analyzing face: Face could not be detected in numpy array.Please confirm that the picture is a face photo or consider to set enforce_detection param to False.
ERROR:root:Error analyzing face: list indices must be integers or slices, not str
ERROR:root:Error analyzing face: Face could not be detected in numpy array.Please confirm that the picture is a face photo or consider to set enforce_detection param to False.
ERROR:root:Error analyzing face: Face could not be detected in numpy array.Please confirm that the picture is a face photo or consider to set enforce_detection param to False.
ERROR:root:Error analyzing face: Face could not be detected in numpy array.Please confirm that the picture is a face photo or consider to set enforce_detection param to False.
ERROR:root:Error analyzing face: Face could not be detected in numpy array.Please confirm that the picture is a face photo or consider to set enforce_detection param to False.
ERROR:root:Error analyzing face: Face could not be detected in numpy array.Please confirm that the picture is a face photo or consider to set enforce_detection param to False.
ERROR:root:Error analyzing face: list indices must be integers or slices, not str
ERROR:root:Error analyzing face: list indices must be integers or slices, not str
ERROR:root:Error analyzing face: list indices must be integers or slices, not str
ERROR:root:Error analyzing face: Face could not be detected in numpy array.Please confirm that the picture is a face photo or consider to set enforce_detection param to False.
ERROR:root:Error analyzing face: list indices must be integers or slices, not str
ERROR:root:Error analyzing face: Face could not be detected in numpy array.Please confirm that the picture is a face photo or consider to set enforce_detection param to False.
ERROR:root:Error analyzing face: list indices must be integers or slices, not str
ERROR:root:Error analyzing face: list indices must be integers or slices, not str
ERROR:root:Error analyzing face: Face could not be detected in numpy array.Please confirm that the picture is a face photo or consider to set enforce_detection param to False.
ERROR:root:Error analyzing face: Face could not be detected in numpy array.Please confirm that the picture is a face photo or consider to set enforce_detection param to False.
ERROR:root:Error analyzing face: Face could not be detected in numpy array.Please confirm that the picture is a face photo or consider to set enforce_detection param to False.
ERROR:root:Error analyzing face: list indices must be integers or slices, not str
ERROR:root:Error analyzing face: Face could not be detected in numpy array.Please confirm that the picture is a face photo or consider to set enforce_detection param to False.
ERROR:root:Error analyzing face: Face could not be detected in numpy array.Please confirm that the picture is a face photo or consider to set enforce_detection param to False.
ERROR:root:Error analyzing face: Face could not be detected in numpy array.Please confirm that the picture is a face photo or consider to set enforce_detection param to False.
ERROR:root:Error analyzing face: Face could not be detected in numpy array.Please confirm that the picture is a face photo or consider to set enforce_detection param to False.
ERROR:root:Error analyzing face: Face could not be detected in numpy array.Please confirm that the picture is a face photo or consider to set enforce_detection param to False.
ERROR:root:Error analyzing face: list indices must be integers or slices, not str
ERROR:root:Error analyzing face: Face could not be detected in numpy array.Please confirm that the picture is a face photo or consider to set enforce_detection param to False.
ERROR:root:Error analyzing face: Face could not be detected in numpy array.Please confirm that the picture is a face photo or consider to set enforce_detection param to False.
ERROR:root:Error analyzing face: Face could not be detected in numpy array.Please confirm that the picture is a face photo or consider to set enforce_detection param to False.
ERROR:root:Error analyzing face: list indices must be integers or slices, not str
ERROR:root:Error analyzing face: list indices must be integers or slices, not str
ERROR:root:Error analyzing face: list indices must be integers or slices, not str
ERROR:root:Error analyzing face: list indices must be integers or slices, not str
ERROR:root:Error analyzing face: list indices must be integers or slices, not str
ERROR:root:Error analyzing face: list indices must be integers or slices, not str
ERROR:root:Error analyzing face: list indices must be integers or slices, not str
ERROR:root:Error analyzing face: Face could not be detected in numpy array.Please confirm that the picture is a face photo or consider to set enforce_detection param to False.
ERROR:root:Error analyzing face: Face could not be detected in numpy array.Please confirm that the picture is a face photo or consider to set enforce_detection param to False.
ERROR:root:Error analyzing face: list indices must be integers or slices, not str
ERROR:root:Error analyzing face: list indices must be integers or slices, not str
ERROR:root:Error analyzing face: list indices must be integers or slices, not str
ERROR:root:Failed to send email. Error: [WinError 10061] No connection could be made because the target machine actively refused it
ERROR:root:Error analyzing face: list indices must be integers or slices, not str
ERROR:root:Error analyzing face: Face could not be detected in numpy array.Please confirm that the picture is a face photo or consider to set enforce_detection param to False.
ERROR:root:Failed to send email. Error: [WinError 10061] No connection could be made because the target machine actively refused it
ERROR:root:Error analyzing face: Face could not be detected in numpy array.Please confirm that the picture is a face photo or consider to set enforce_detection param to False.
ERROR:root:Failed to send email. Error: [WinError 10061] No connection could be made because the target machine actively refused it
ERROR:root:Error analyzing face: list indices must be integers or slices, not str
ERROR:root:Failed to send email. Error: [WinError 10061] No connection could be made because the target machine actively refused it
ERROR:root:Error analyzing face: Face could not be detected in numpy array.Please confirm that the picture is a face photo or consider to set enforce_detection param to False.
ERROR:root:Failed to send email. Error: [WinError 10061] No connection could be made because the target machine actively refused it
ERROR:root:Error analyzing face: list indices must be integers or slices, not str
ERROR:root:Failed to send email. Error: [WinError 10061] No connection could be made because the target machine actively refused it
ERROR:root:Error analyzing face: list indices must be integers or slices, not str
ERROR:root:Failed to send email. Error: [WinError 10061] No connection could be made because the target machine actively refused it
ERROR:root:Error analyzing face: Face could not be detected in numpy array.Please confirm that the picture is a face photo or consider to set enforce_detection param to False.
ERROR:root:Failed to send email. Error: [WinError 10061] No connection could be made because the target machine actively refused it
ERROR:root:Error analyzing face: list indices must be integers or slices, not str
ERROR:root:Failed to send email. Error: [WinError 10061] No connection could be made because the target machine actively refused it
ERROR:root:Error analyzing face: list indices must be integers or slices, not str
ERROR:root:Error analyzing face: Face could not be detected in numpy array.Please confirm that the picture is a face photo or consider to set enforce_detection param to False.
ERROR:root:Error analyzing face: list indices must be integers or slices, not str
ERROR:root:Error analyzing face: list indices must be integers or slices, not str
ERROR:root:Error analyzing face: list indices must be integers or slices, not str
ERROR:root:Error analyzing face: list indices must be integers or slices, not str
ERROR:root:Failed to send Discord alert: ('Connection aborted.', RemoteDisconnected('Remote end closed connection without response'))
ERROR:root:Error analyzing face: list indices must be integers or slices, not str
ERROR:root:Error analyzing face: list indices must be integers or slices, not str
ERROR:root:Error analyzing face: list indices must be integers or slices, not str
ERROR:root:Error analyzing face: Face could not be detected in numpy array.Please confirm that the picture is a face photo or consider to set enforce_detection param to False.
